This file contains any messages produced by compilers while
running configure, to aid debugging if configure makes a mistake.

It was created by pmbw configure 0.6.2, which was
generated by GNU Autoconf 2.69.  Invocation command line was

  $ ./configure CXX=clang

## --------- ##
## Platform. ##
## --------- ##

hostname = JansMac.local
uname -m = x86_64
uname -r = 14.0.0
uname -s = Darwin
uname -v = Darwin Kernel Version 14.0.0: Fri Sep 19 00:26:44 PDT 2014; root:xnu-2782.1.97~2/RELEASE_X86_64

/usr/bin/uname -p = i386
/bin/uname -X     = unknown

/bin/arch              = unknown
/usr/bin/arch -k       = unknown
/usr/convex/getsysinfo = unknown
/usr/bin/hostinfo      = Mach kernel version:
	 Darwin Kernel Version 14.0.0: Fri Sep 19 00:26:44 PDT 2014; root:xnu-2782.1.97~2/RELEASE_X86_64
Kernel configured for up to 8 processors.
4 processors are physically available.
8 processors are logically available.
Processor type: x86_64h (Intel x86-64h Haswell)
Processors active: 0 1 2 3 4 5 6 7
Primary memory available: 16.00 gigabytes
Default processor set: 229 tasks, 1008 threads, 8 processors
Load average: 1.15, Mach factor: 6.84
/bin/machine           = unknown
/usr/bin/oslevel       = unknown
/bin/universe          = unknown

PATH: /opt/intel/Compiler/11.1/046/bin/intel64
PATH: /opt/intel/Compiler/11.1/046/bin/intel64
PATH: /Library/Frameworks/GTK+.framework/Resources/bin
PATH: .
PATH: /Users/jan/src/OpenSource/bin
PATH: /usr/texbin
PATH: /usr/local/texlive/2013/bin/universal-darwin
PATH: /opt/CWP/bin
PATH: .
PATH: /opt/DELPHI/bin
PATH: /Users/jan/bin
PATH: /usr/local/bin
PATH: /usr/local/cuda/bin
PATH: /opt/openmpi/bin/
PATH: /opt/local/bin
PATH: /usr/local/bin
PATH: /usr/bin
PATH: /bin
PATH: /usr/sbin
PATH: /sbin
PATH: /opt/X11/bin
PATH: /usr/texbin
PATH: /opt/local/bin
PATH: /opt/local/sbin


## ----------- ##
## Core tests. ##
## ----------- ##

configure:1883: checking build system type
configure:1897: result: x86_64-apple-darwin14.0.0
configure:1917: checking host system type
configure:1930: result: x86_64-apple-darwin14.0.0
configure:1950: checking target system type
configure:1963: result: x86_64-apple-darwin14.0.0
configure:2006: checking for a BSD-compatible install
configure:2074: result: /usr/bin/install -c
configure:2085: checking whether build environment is sane
configure:2140: result: yes
configure:2291: checking for a thread-safe mkdir -p
configure:2330: result: acscripts/install-sh -c -d
configure:2337: checking for gawk
configure:2367: result: no
configure:2337: checking for mawk
configure:2367: result: no
configure:2337: checking for nawk
configure:2367: result: no
configure:2337: checking for awk
configure:2353: found /usr/bin/awk
configure:2364: result: awk
configure:2375: checking whether make sets $(MAKE)
configure:2397: result: yes
configure:2484: checking whether to enable maintainer-specific portions of Makefiles
configure:2493: result: no
configure:2509: checking building for Windows
configure:2519: result: no
configure:2648: checking for C++ compiler version
configure:2657: clang --version >&5
Apple LLVM version 6.0 (clang-600.0.56) (based on LLVM 3.5svn)
Target: x86_64-apple-darwin14.0.0
Thread model: posix
configure:2668: $? = 0
configure:2657: clang -v >&5
Apple LLVM version 6.0 (clang-600.0.56) (based on LLVM 3.5svn)
Target: x86_64-apple-darwin14.0.0
Thread model: posix
configure:2668: $? = 0
configure:2657: clang -V >&5
clang: error: argument to '-V' is missing (expected 1 value)
clang: error: no input files
configure:2668: $? = 1
configure:2657: clang -qversion >&5
clang: error: unknown argument: '-qversion'
clang: error: no input files
configure:2668: $? = 1
configure:2688: checking whether the C++ compiler works
configure:2710: clang -g -O2   conftest.cpp  >&5
configure:2714: $? = 0
configure:2762: result: yes
configure:2765: checking for C++ compiler default output file name
configure:2767: result: a.out
configure:2773: checking for suffix of executables
configure:2780: clang -o conftest -g -O2   conftest.cpp  >&5
configure:2784: $? = 0
configure:2806: result: 
configure:2828: checking whether we are cross compiling
configure:2836: clang -o conftest -g -O2   conftest.cpp  >&5
configure:2840: $? = 0
configure:2847: ./conftest
configure:2851: $? = 0
configure:2866: result: no
configure:2871: checking for suffix of object files
configure:2893: clang -c -g -O2  conftest.cpp >&5
configure:2897: $? = 0
configure:2918: result: o
configure:2922: checking whether we are using the GNU C++ compiler
configure:2941: clang -c -g -O2  conftest.cpp >&5
configure:2941: $? = 0
configure:2950: result: yes
configure:2959: checking whether clang accepts -g
configure:2979: clang -c -g  conftest.cpp >&5
configure:2979: $? = 0
configure:3020: result: yes
configure:3054: checking for style of include used by make
configure:3082: result: GNU
configure:3108: checking dependency style of clang
configure:3219: result: gcc3
configure:3245: checking whether clang supports -march=x86-64
configure:3259: clang -c -g -O2 -march=x86-64  conftest.cpp >&5
configure:3259: $? = 0
configure:3260: result: yes
configure:3271: checking for pthread_mutex_init in -lpthread
configure:3296: clang -o conftest -g -O2 -march=x86-64   conftest.cpp -lpthread   >&5
configure:3296: $? = 0
configure:3305: result: yes
configure:3316: checking for posix_memalign in -lc
configure:3341: clang -o conftest -g -O2 -march=x86-64   conftest.cpp -lc   -lpthread >&5
configure:3341: $? = 0
configure:3350: result: yes
configure:3510: checking that generated files are newer than configure
configure:3516: result: done
configure:3543: creating ./config.status

## ---------------------- ##
## Running config.status. ##
## ---------------------- ##

This file was extended by pmbw config.status 0.6.2, which was
generated by GNU Autoconf 2.69.  Invocation command line was

  CONFIG_FILES    = 
  CONFIG_HEADERS  = 
  CONFIG_LINKS    = 
  CONFIG_COMMANDS = 
  $ ./config.status 

on JansMac.local

config.status:783: creating Makefile
config.status:955: executing depfiles commands

## ---------------- ##
## Cache variables. ##
## ---------------- ##

ac_cv_build=x86_64-apple-darwin14.0.0
ac_cv_cxx_compiler_gnu=yes
ac_cv_env_CCC_set=
ac_cv_env_CCC_value=
ac_cv_env_CPPFLAGS_set=
ac_cv_env_CPPFLAGS_value=
ac_cv_env_CXXFLAGS_set=
ac_cv_env_CXXFLAGS_value=
ac_cv_env_CXX_set=set
ac_cv_env_CXX_value=clang
ac_cv_env_LDFLAGS_set=
ac_cv_env_LDFLAGS_value=
ac_cv_env_LIBS_set=
ac_cv_env_LIBS_value=
ac_cv_env_build_alias_set=
ac_cv_env_build_alias_value=
ac_cv_env_host_alias_set=
ac_cv_env_host_alias_value=
ac_cv_env_target_alias_set=
ac_cv_env_target_alias_value=
ac_cv_host=x86_64-apple-darwin14.0.0
ac_cv_lib_c_posix_memalign=yes
ac_cv_lib_pthread_pthread_mutex_init=yes
ac_cv_objext=o
ac_cv_path_install='/usr/bin/install -c'
ac_cv_prog_AWK=awk
ac_cv_prog_cxx_g=yes
ac_cv_prog_make_make_set=yes
ac_cv_target=x86_64-apple-darwin14.0.0
am_cv_CXX_dependencies_compiler_type=gcc3

## ----------------- ##
## Output variables. ##
## ----------------- ##

ACLOCAL='${SHELL} /Users/jan/src/HPCourse/pmbw-0.6.2/acscripts/missing --run aclocal-1.12'
AMDEPBACKSLASH='\'
AMDEP_FALSE='#'
AMDEP_TRUE=''
AMTAR='$${TAR-tar}'
AUTOCONF='${SHELL} /Users/jan/src/HPCourse/pmbw-0.6.2/acscripts/missing --run autoconf'
AUTOHEADER='${SHELL} /Users/jan/src/HPCourse/pmbw-0.6.2/acscripts/missing --run autoheader'
AUTOMAKE='${SHELL} /Users/jan/src/HPCourse/pmbw-0.6.2/acscripts/missing --run automake-1.12'
AWK='awk'
CPPFLAGS=''
CXX='clang'
CXXDEPMODE='depmode=gcc3'
CXXFLAGS='-g -O2 -march=x86-64'
CYGPATH_W='echo'
DEFS='-DPACKAGE_NAME=\"pmbw\" -DPACKAGE_TARNAME=\"pmbw\" -DPACKAGE_VERSION=\"0.6.2\" -DPACKAGE_STRING=\"pmbw\ 0.6.2\" -DPACKAGE_BUGREPORT=\"\" -DPACKAGE_URL=\"\" -DPACKAGE=\"pmbw\" -DVERSION=\"0.6.2\" -DON_WINDOWS=false -DHAVE_POSIX_MEMALIGN=1'
DEPDIR='.deps'
ECHO_C='\c'
ECHO_N=''
ECHO_T=''
EXEEXT=''
INSTALL_DATA='${INSTALL} -m 644'
INSTALL_PROGRAM='${INSTALL}'
INSTALL_SCRIPT='${INSTALL}'
INSTALL_STRIP_PROGRAM='$(install_sh) -c -s'
LDFLAGS=''
LIBOBJS=''
LIBS=' -lpthread'
LTLIBOBJS=''
MAINT='#'
MAINTAINER_MODE_FALSE=''
MAINTAINER_MODE_TRUE='#'
MAKEINFO='${SHELL} /Users/jan/src/HPCourse/pmbw-0.6.2/acscripts/missing --run makeinfo'
MKDIR_P='acscripts/install-sh -c -d'
OBJEXT='o'
PACKAGE='pmbw'
PACKAGE_BUGREPORT=''
PACKAGE_NAME='pmbw'
PACKAGE_STRING='pmbw 0.6.2'
PACKAGE_TARNAME='pmbw'
PACKAGE_URL=''
PACKAGE_VERSION='0.6.2'
PATH_SEPARATOR=':'
SET_MAKE=''
SHELL='/bin/sh'
STRIP=''
VERSION='0.6.2'
ac_ct_CXX=''
am__EXEEXT_FALSE=''
am__EXEEXT_TRUE='#'
am__fastdepCXX_FALSE='#'
am__fastdepCXX_TRUE=''
am__include='include'
am__isrc=''
am__leading_dot='.'
am__nodep='_no'
am__quote=''
am__tar='$${TAR-tar} chof - "$$tardir"'
am__untar='$${TAR-tar} xf -'
bindir='${exec_prefix}/bin'
build='x86_64-apple-darwin14.0.0'
build_alias=''
build_cpu='x86_64'
build_os='darwin14.0.0'
build_vendor='apple'
datadir='${datarootdir}'
datarootdir='${prefix}/share'
docdir='${datarootdir}/doc/${PACKAGE_TARNAME}'
dvidir='${docdir}'
exec_prefix='${prefix}'
host='x86_64-apple-darwin14.0.0'
host_alias=''
host_cpu='x86_64'
host_os='darwin14.0.0'
host_vendor='apple'
htmldir='${docdir}'
includedir='${prefix}/include'
infodir='${datarootdir}/info'
install_sh='${SHELL} /Users/jan/src/HPCourse/pmbw-0.6.2/acscripts/install-sh'
libdir='${exec_prefix}/lib'
libexecdir='${exec_prefix}/libexec'
localedir='${datarootdir}/locale'
localstatedir='${prefix}/var'
mandir='${datarootdir}/man'
mkdir_p='$(MKDIR_P)'
oldincludedir='/usr/include'
pdfdir='${docdir}'
prefix='/usr/local'
program_transform_name='s,x,x,'
psdir='${docdir}'
sbindir='${exec_prefix}/sbin'
sharedstatedir='${prefix}/com'
sysconfdir='${prefix}/etc'
target='x86_64-apple-darwin14.0.0'
target_alias=''
target_cpu='x86_64'
target_os='darwin14.0.0'
target_vendor='apple'

## ----------- ##
## confdefs.h. ##
## ----------- ##

/* confdefs.h */
#define PACKAGE_NAME "pmbw"
#define PACKAGE_TARNAME "pmbw"
#define PACKAGE_VERSION "0.6.2"
#define PACKAGE_STRING "pmbw 0.6.2"
#define PACKAGE_BUGREPORT ""
#define PACKAGE_URL ""
#define PACKAGE "pmbw"
#define VERSION "0.6.2"
#define ON_WINDOWS false
#define HAVE_POSIX_MEMALIGN 1

configure: exit 0
